# JRE version: OpenJDK Runtime Environment (21.0.5) (build 21.0.5+-13047016-b750.29)
# Java VM: OpenJDK 64-Bit Server VM (21.0.5+-13047016-b750.29, mixed mode, tiered, compressed oops, compressed class ptrs, g1 gc, windows-amd64)
GC Precious Log:
 CardTable entry size: 512
 Card Set container configuration: InlinePtr #cards 5 size 8 Array Of Cards #cards 12 size 40 Howl #buckets 4 coarsen threshold 1843 Howl Bitmap #cards 512 size 80 coarsen threshold 460 Card regions per heap region 1 cards per card region 2048
 CPUs: 8 total, 8 available
 Memory: 16192M
 Large Page Support: Disabled
 NUMA Support: Disabled
 Compressed Oops: Enabled (32-bit)
 Heap Region Size: 1M
 Heap Min Capacity: 8M
 Heap Initial Capacity: 254M
 Heap Max Capacity: 2G
 Pre-touch: Disabled
 Parallel Workers: 8
 Concurrent Workers: 2
 Concurrent Refinement Workers: 8
 Periodic GC: Disabled
Heap:
 garbage-first heap   total 348160K, used 261579K [0x0000000080000000, 0x0000000100000000)
  region size 1024K, 58 young (59392K), 5 survivors (5120K)
 Metaspace       used 208353K, committed 211200K, reserved 1245184K
  class space    used 26462K, committed 27904K, reserved 1048576K
GC Heap History (20 events):
Event: 52.952 GC heap before
{Heap before GC invocations=48 (full 0):
 garbage-first heap   total 281600K, used 258869K [0x0000000080000000, 0x0000000100000000)
  region size 1024K, 92 young (94208K), 6 survivors (6144K)
 Metaspace       used 170420K, committed 173056K, reserved 1245184K
  class space    used 22044K, committed 23360K, reserved 1048576K
}
Event: 52.969 GC heap after
{Heap after GC invocations=49 (full 0):
 garbage-first heap   total 281600K, used 168135K [0x0000000080000000, 0x0000000100000000)
  region size 1024K, 10 young (10240K), 10 survivors (10240K)
 Metaspace       used 170420K, committed 173056K, reserved 1245184K
  class space    used 22044K, committed 23360K, reserved 1048576K
}
Event: 55.445 GC heap before
{Heap before GC invocations=50 (full 0):
 garbage-first heap   total 281600K, used 255175K [0x0000000080000000, 0x0000000100000000)
  region size 1024K, 95 young (97280K), 10 survivors (10240K)
 Metaspace       used 176090K, committed 178816K, reserved 1245184K
  class space    used 22847K, committed 24192K, reserved 1048576K
}
Event: 55.471 GC heap after
{Heap after GC invocations=51 (full 0):
 garbage-first heap   total 281600K, used 175986K [0x0000000080000000, 0x0000000100000000)
  region size 1024K, 12 young (12288K), 12 survivors (12288K)
 Metaspace       used 176090K, committed 178816K, reserved 1245184K
  class space    used 22847K, committed 24192K, reserved 1048576K
}
Event: 56.534 GC heap before
{Heap before GC invocations=51 (full 0):
 garbage-first heap   total 281600K, used 252786K [0x0000000080000000, 0x0000000100000000)
  region size 1024K, 88 young (90112K), 12 survivors (12288K)
 Metaspace       used 176365K, committed 179072K, reserved 1245184K
  class space    used 22899K, committed 24256K, reserved 1048576K
}
Event: 56.560 GC heap after
{Heap after GC invocations=52 (full 0):
 garbage-first heap   total 281600K, used 180322K [0x0000000080000000, 0x0000000100000000)
  region size 1024K, 7 young (7168K), 7 survivors (7168K)
 Metaspace       used 176365K, committed 179072K, reserved 1245184K
  class space    used 22899K, committed 24256K, reserved 1048576K
}
Event: 57.146 GC heap before
{Heap before GC invocations=52 (full 0):
 garbage-first heap   total 281600K, used 216162K [0x0000000080000000, 0x0000000100000000)
  region size 1024K, 44 young (45056K), 7 survivors (7168K)
 Metaspace       used 176689K, committed 179392K, reserved 1245184K
  class space    used 22946K, committed 24320K, reserved 1048576K
}
Event: 57.157 GC heap after
{Heap after GC invocations=53 (full 0):
 garbage-first heap   total 281600K, used 182217K [0x0000000080000000, 0x0000000100000000)
  region size 1024K, 4 young (4096K), 4 survivors (4096K)
 Metaspace       used 176689K, committed 179392K, reserved 1245184K
  class space    used 22946K, committed 24320K, reserved 1048576K
}
Event: 60.471 GC heap before
{Heap before GC invocations=54 (full 0):
 garbage-first heap   total 307200K, used 256969K [0x0000000080000000, 0x0000000100000000)
  region size 1024K, 76 young (77824K), 4 survivors (4096K)
 Metaspace       used 180454K, committed 183168K, reserved 1245184K
  class space    used 23285K, committed 24640K, reserved 1048576K
}
Event: 60.487 GC heap after
{Heap after GC invocations=55 (full 0):
 garbage-first heap   total 307200K, used 183645K [0x0000000080000000, 0x0000000100000000)
  region size 1024K, 9 young (9216K), 9 survivors (9216K)
 Metaspace       used 180454K, committed 183168K, reserved 1245184K
  class space    used 23285K, committed 24640K, reserved 1048576K
}
Event: 62.128 GC heap before
{Heap before GC invocations=55 (full 0):
 garbage-first heap   total 307200K, used 275805K [0x0000000080000000, 0x0000000100000000)
  region size 1024K, 100 young (102400K), 9 survivors (9216K)
 Metaspace       used 180605K, committed 183296K, reserved 1245184K
  class space    used 23300K, committed 24640K, reserved 1048576K
}
Event: 62.156 GC heap after
{Heap after GC invocations=56 (full 0):
 garbage-first heap   total 307200K, used 172488K [0x0000000080000000, 0x0000000100000000)
  region size 1024K, 11 young (11264K), 11 survivors (11264K)
 Metaspace       used 180605K, committed 183296K, reserved 1245184K
  class space    used 23300K, committed 24640K, reserved 1048576K
}
Event: 70.166 GC heap before
{Heap before GC invocations=56 (full 0):
 garbage-first heap   total 307200K, used 277960K [0x0000000080000000, 0x0000000100000000)
  region size 1024K, 115 young (117760K), 11 survivors (11264K)
 Metaspace       used 183687K, committed 186432K, reserved 1245184K
  class space    used 23669K, committed 25024K, reserved 1048576K
}
Event: 70.186 GC heap after
{Heap after GC invocations=57 (full 0):
 garbage-first heap   total 307200K, used 178170K [0x0000000080000000, 0x0000000100000000)
  region size 1024K, 11 young (11264K), 11 survivors (11264K)
 Metaspace       used 183687K, committed 186432K, reserved 1245184K
  class space    used 23669K, committed 25024K, reserved 1048576K
}
Event: 77.626 GC heap before
{Heap before GC invocations=58 (full 0):
 garbage-first heap   total 307200K, used 286714K [0x0000000080000000, 0x0000000100000000)
  region size 1024K, 111 young (113664K), 11 survivors (11264K)
 Metaspace       used 190907K, committed 193792K, reserved 1245184K
  class space    used 24511K, committed 25920K, reserved 1048576K
}
Event: 77.642 GC heap after
{Heap after GC invocations=59 (full 0):
 garbage-first heap   total 307200K, used 183850K [0x0000000080000000, 0x0000000100000000)
  region size 1024K, 12 young (12288K), 12 survivors (12288K)
 Metaspace       used 190907K, committed 193792K, reserved 1245184K
  class space    used 24511K, committed 25920K, reserved 1048576K
}
Event: 79.990 GC heap before
{Heap before GC invocations=59 (full 0):
 garbage-first heap   total 307200K, used 287274K [0x0000000080000000, 0x0000000100000000)
  region size 1024K, 105 young (107520K), 12 survivors (12288K)
 Metaspace       used 199349K, committed 202240K, reserved 1245184K
  class space    used 25340K, committed 26816K, reserved 1048576K
}
Event: 80.021 GC heap after
{Heap after GC invocations=60 (full 0):
 garbage-first heap   total 322560K, used 200870K [0x0000000080000000, 0x0000000100000000)
  region size 1024K, 14 young (14336K), 14 survivors (14336K)
 Metaspace       used 199349K, committed 202240K, reserved 1245184K
  class space    used 25340K, committed 26816K, reserved 1048576K
}
Event: 80.163 GC heap before
{Heap before GC invocations=60 (full 0):
 garbage-first heap   total 322560K, used 205990K [0x0000000080000000, 0x0000000100000000)
  region size 1024K, 20 young (20480K), 14 survivors (14336K)
 Metaspace       used 199789K, committed 202624K, reserved 1245184K
  class space    used 25397K, committed 26816K, reserved 1048576K
}
Event: 80.178 GC heap after
{Heap after GC invocations=61 (full 0):
 garbage-first heap   total 322560K, used 206283K [0x0000000080000000, 0x0000000100000000)
  region size 1024K, 5 young (5120K), 5 survivors (5120K)
 Metaspace       used 199789K, committed 202624K, reserved 1245184K
  class space    used 25397K, committed 26816K, reserved 1048576K
}

