# JRE version: OpenJDK Runtime Environment (21.0.5) (build 21.0.5+-13047016-b750.29)
# Java VM: OpenJDK 64-Bit Server VM (21.0.5+-13047016-b750.29, mixed mode, tiered, compressed oops, compressed class ptrs, g1 gc, windows-amd64)
GC Precious Log:
 CardTable entry size: 512
 Card Set container configuration: InlinePtr #cards 5 size 8 Array Of Cards #cards 12 size 40 Howl #buckets 4 coarsen threshold 1843 Howl Bitmap #cards 512 size 80 coarsen threshold 460 Card regions per heap region 1 cards per card region 2048
 CPUs: 8 total, 8 available
 Memory: 16192M
 Large Page Support: Disabled
 NUMA Support: Disabled
 Compressed Oops: Enabled (32-bit)
 Heap Region Size: 1M
 Heap Min Capacity: 8M
 Heap Initial Capacity: 254M
 Heap Max Capacity: 2G
 Pre-touch: Disabled
 Parallel Workers: 8
 Concurrent Workers: 2
 Concurrent Refinement Workers: 8
 Periodic GC: Disabled
Heap:
 garbage-first heap   total 331776K, used 244949K [0x0000000080000000, 0x0000000100000000)
  region size 1024K, 11 young (11264K), 8 survivors (8192K)
 Metaspace       used 190600K, committed 193408K, reserved 1245184K
  class space    used 25581K, committed 26944K, reserved 1048576K
GC Heap History (20 events):
Event: 55.026 GC heap before
{Heap before GC invocations=55 (full 0):
 garbage-first heap   total 261120K, used 235867K [0x0000000080000000, 0x0000000100000000)
  region size 1024K, 83 young (84992K), 9 survivors (9216K)
 Metaspace       used 152949K, committed 155456K, reserved 1245184K
  class space    used 20246K, committed 21504K, reserved 1048576K
}
Event: 55.050 GC heap after
{Heap after GC invocations=56 (full 0):
 garbage-first heap   total 261120K, used 165778K [0x0000000080000000, 0x0000000100000000)
  region size 1024K, 11 young (11264K), 11 survivors (11264K)
 Metaspace       used 152949K, committed 155456K, reserved 1245184K
  class space    used 20246K, committed 21504K, reserved 1048576K
}
Event: 56.737 GC heap before
{Heap before GC invocations=57 (full 0):
 garbage-first heap   total 275456K, used 235410K [0x0000000080000000, 0x0000000100000000)
  region size 1024K, 79 young (80896K), 11 survivors (11264K)
 Metaspace       used 153015K, committed 155520K, reserved 1245184K
  class space    used 20249K, committed 21504K, reserved 1048576K
}
Event: 56.753 GC heap after
{Heap after GC invocations=58 (full 0):
 garbage-first heap   total 275456K, used 169159K [0x0000000080000000, 0x0000000100000000)
  region size 1024K, 6 young (6144K), 6 survivors (6144K)
 Metaspace       used 153015K, committed 155520K, reserved 1245184K
  class space    used 20249K, committed 21504K, reserved 1048576K
}
Event: 58.411 GC heap before
{Heap before GC invocations=58 (full 0):
 garbage-first heap   total 275456K, used 255175K [0x0000000080000000, 0x0000000100000000)
  region size 1024K, 87 young (89088K), 6 survivors (6144K)
 Metaspace       used 159454K, committed 161984K, reserved 1245184K
  class space    used 20881K, committed 22144K, reserved 1048576K
}
Event: 58.428 GC heap after
{Heap after GC invocations=59 (full 0):
 garbage-first heap   total 280576K, used 176924K [0x0000000080000000, 0x0000000100000000)
  region size 1024K, 11 young (11264K), 11 survivors (11264K)
 Metaspace       used 159454K, committed 161984K, reserved 1245184K
  class space    used 20881K, committed 22144K, reserved 1048576K
}
Event: 59.657 GC heap before
{Heap before GC invocations=59 (full 0):
 garbage-first heap   total 280576K, used 252700K [0x0000000080000000, 0x0000000100000000)
  region size 1024K, 85 young (87040K), 11 survivors (11264K)
 Metaspace       used 165129K, committed 167680K, reserved 1245184K
  class space    used 21675K, committed 22976K, reserved 1048576K
}
Event: 59.674 GC heap after
{Heap after GC invocations=60 (full 0):
 garbage-first heap   total 280576K, used 183932K [0x0000000080000000, 0x0000000100000000)
  region size 1024K, 6 young (6144K), 6 survivors (6144K)
 Metaspace       used 165129K, committed 167680K, reserved 1245184K
  class space    used 21675K, committed 22976K, reserved 1048576K
}
Event: 61.239 GC heap before
{Heap before GC invocations=61 (full 0):
 garbage-first heap   total 304128K, used 254588K [0x0000000080000000, 0x0000000100000000)
  region size 1024K, 77 young (78848K), 6 survivors (6144K)
 Metaspace       used 167516K, committed 169984K, reserved 1245184K
  class space    used 22080K, committed 23296K, reserved 1048576K
}
Event: 61.257 GC heap after
{Heap after GC invocations=62 (full 0):
 garbage-first heap   total 304128K, used 185533K [0x0000000080000000, 0x0000000100000000)
  region size 1024K, 5 young (5120K), 5 survivors (5120K)
 Metaspace       used 167516K, committed 169984K, reserved 1245184K
  class space    used 22080K, committed 23296K, reserved 1048576K
}
Event: 62.643 GC heap before
{Heap before GC invocations=62 (full 0):
 garbage-first heap   total 304128K, used 275645K [0x0000000080000000, 0x0000000100000000)
  region size 1024K, 94 young (96256K), 5 survivors (5120K)
 Metaspace       used 169802K, committed 172288K, reserved 1245184K
  class space    used 22387K, committed 23616K, reserved 1048576K
}
Event: 62.671 GC heap after
{Heap after GC invocations=63 (full 0):
 garbage-first heap   total 304128K, used 191885K [0x0000000080000000, 0x0000000100000000)
  region size 1024K, 12 young (12288K), 12 survivors (12288K)
 Metaspace       used 169802K, committed 172288K, reserved 1245184K
  class space    used 22387K, committed 23616K, reserved 1048576K
}
Event: 63.945 GC heap before
{Heap before GC invocations=63 (full 0):
 garbage-first heap   total 304128K, used 273805K [0x0000000080000000, 0x0000000100000000)
  region size 1024K, 93 young (95232K), 12 survivors (12288K)
 Metaspace       used 179824K, committed 182336K, reserved 1245184K
  class space    used 24092K, committed 25344K, reserved 1048576K
}
Event: 63.966 GC heap after
{Heap after GC invocations=64 (full 0):
 garbage-first heap   total 304128K, used 198581K [0x0000000080000000, 0x0000000100000000)
  region size 1024K, 7 young (7168K), 7 survivors (7168K)
 Metaspace       used 179824K, committed 182336K, reserved 1245184K
  class space    used 24092K, committed 25344K, reserved 1048576K
}
Event: 64.969 GC heap before
{Heap before GC invocations=65 (full 0):
 garbage-first heap   total 331776K, used 276405K [0x0000000080000000, 0x0000000100000000)
  region size 1024K, 85 young (87040K), 7 survivors (7168K)
 Metaspace       used 186328K, committed 188928K, reserved 1245184K
  class space    used 25060K, committed 26304K, reserved 1048576K
}
Event: 64.984 GC heap after
{Heap after GC invocations=66 (full 0):
 garbage-first heap   total 331776K, used 200837K [0x0000000080000000, 0x0000000100000000)
  region size 1024K, 4 young (4096K), 4 survivors (4096K)
 Metaspace       used 186328K, committed 188928K, reserved 1245184K
  class space    used 25060K, committed 26304K, reserved 1048576K
}
Event: 66.201 GC heap before
{Heap before GC invocations=66 (full 0):
 garbage-first heap   total 331776K, used 302213K [0x0000000080000000, 0x0000000100000000)
  region size 1024K, 104 young (106496K), 4 survivors (4096K)
 Metaspace       used 188358K, committed 190976K, reserved 1245184K
  class space    used 25315K, committed 26624K, reserved 1048576K
}
Event: 66.217 GC heap after
{Heap after GC invocations=67 (full 0):
 garbage-first heap   total 331776K, used 188758K [0x0000000080000000, 0x0000000100000000)
  region size 1024K, 4 young (4096K), 4 survivors (4096K)
 Metaspace       used 188358K, committed 190976K, reserved 1245184K
  class space    used 25315K, committed 26624K, reserved 1048576K
}
Event: 67.587 GC heap before
{Heap before GC invocations=67 (full 0):
 garbage-first heap   total 331776K, used 269654K [0x0000000080000000, 0x0000000100000000)
  region size 1024K, 85 young (87040K), 4 survivors (4096K)
 Metaspace       used 190898K, committed 193600K, reserved 1245184K
  class space    used 25610K, committed 26944K, reserved 1048576K
}
Event: 67.602 GC heap after
{Heap after GC invocations=68 (full 0):
 garbage-first heap   total 331776K, used 192725K [0x0000000080000000, 0x0000000100000000)
  region size 1024K, 8 young (8192K), 8 survivors (8192K)
 Metaspace       used 190898K, committed 193600K, reserved 1245184K
  class space    used 25610K, committed 26944K, reserved 1048576K
}

